This is pdfTeX, Version 3.14159265-2.6-1.40.16 (TeX Live 2015/Debian) (preloaded format=pdflatex 2017.4.29)  3 MAY 2017 22:55
entering extended mode
 restricted \write18 enabled.
 %&-line parsing enabled.
**Rapport_removing_cam_shake.tex
(./Rapport_removing_cam_shake.tex
LaTeX2e <2016/02/01>
Babel <3.9q> and hyphenation patterns for 3 language(s) loaded.
(/usr/share/texlive/texmf-dist/tex/latex/base/report.cls
Document Class: report 2014/09/29 v1.4h Standard LaTeX document class
(/usr/share/texlive/texmf-dist/tex/latex/base/size10.clo
File: size10.clo 2014/09/29 v1.4h Standard LaTeX file (size option)
)
\c@part=\count79
\c@chapter=\count80
\c@section=\count81
\c@subsection=\count82
\c@subsubsection=\count83
\c@paragraph=\count84
\c@subparagraph=\count85
\c@figure=\count86
\c@table=\count87
\abovecaptionskip=\skip41
\belowcaptionskip=\skip42
\bibindent=\dimen102
)
(/usr/share/texlive/texmf-dist/tex/latex/base/inputenc.sty
Package: inputenc 2015/03/17 v1.2c Input encoding file
\inpenc@prehook=\toks14
\inpenc@posthook=\toks15

(/usr/share/texlive/texmf-dist/tex/latex/base/utf8.def
File: utf8.def 2015/12/03 v1.1r UTF-8 support for inputenc
Now handling font encoding OML ...
... no UTF-8 mapping file for font encoding OML
Now handling font encoding T1 ...
... processing UTF-8 mapping file for font encoding T1

(/usr/share/texlive/texmf-dist/tex/latex/base/t1enc.dfu
File: t1enc.dfu 2015/12/03 v1.1r UTF-8 support for inputenc
   defining Unicode char U+00A0 (decimal 160)
   defining Unicode char U+00A1 (decimal 161)
   defining Unicode char U+00A3 (decimal 163)
   defining Unicode char U+00AB (decimal 171)
   defining Unicode char U+00AD (decimal 173)
   defining Unicode char U+00BB (decimal 187)
   defining Unicode char U+00BF (decimal 191)
   defining Unicode char U+00C0 (decimal 192)
   defining Unicode char U+00C1 (decimal 193)
   defining Unicode char U+00C2 (decimal 194)
   defining Unicode char U+00C3 (decimal 195)
   defining Unicode char U+00C4 (decimal 196)
   defining Unicode char U+00C5 (decimal 197)
   defining Unicode char U+00C6 (decimal 198)
   defining Unicode char U+00C7 (decimal 199)
   defining Unicode char U+00C8 (decimal 200)
   defining Unicode char U+00C9 (decimal 201)
   defining Unicode char U+00CA (decimal 202)
   defining Unicode char U+00CB (decimal 203)
   defining Unicode char U+00CC (decimal 204)
   defining Unicode char U+00CD (decimal 205)
   defining Unicode char U+00CE (decimal 206)
   defining Unicode char U+00CF (decimal 207)
   defining Unicode char U+00D0 (decimal 208)
   defining Unicode char U+00D1 (decimal 209)
   defining Unicode char U+00D2 (decimal 210)
   defining Unicode char U+00D3 (decimal 211)
   defining Unicode char U+00D4 (decimal 212)
   defining Unicode char U+00D5 (decimal 213)
   defining Unicode char U+00D6 (decimal 214)
   defining Unicode char U+00D8 (decimal 216)
   defining Unicode char U+00D9 (decimal 217)
   defining Unicode char U+00DA (decimal 218)
   defining Unicode char U+00DB (decimal 219)
   defining Unicode char U+00DC (decimal 220)
   defining Unicode char U+00DD (decimal 221)
   defining Unicode char U+00DE (decimal 222)
   defining Unicode char U+00DF (decimal 223)
   defining Unicode char U+00E0 (decimal 224)
   defining Unicode char U+00E1 (decimal 225)
   defining Unicode char U+00E2 (decimal 226)
   defining Unicode char U+00E3 (decimal 227)
   defining Unicode char U+00E4 (decimal 228)
   defining Unicode char U+00E5 (decimal 229)
   defining Unicode char U+00E6 (decimal 230)
   defining Unicode char U+00E7 (decimal 231)
   defining Unicode char U+00E8 (decimal 232)
   defining Unicode char U+00E9 (decimal 233)
   defining Unicode char U+00EA (decimal 234)
   defining Unicode char U+00EB (decimal 235)
   defining Unicode char U+00EC (decimal 236)
   defining Unicode char U+00ED (decimal 237)
   defining Unicode char U+00EE (decimal 238)
   defining Unicode char U+00EF (decimal 239)
   defining Unicode char U+00F0 (decimal 240)
   defining Unicode char U+00F1 (decimal 241)
   defining Unicode char U+00F2 (decimal 242)
   defining Unicode char U+00F3 (decimal 243)
   defining Unicode char U+00F4 (decimal 244)
   defining Unicode char U+00F5 (decimal 245)
   defining Unicode char U+00F6 (decimal 246)
   defining Unicode char U+00F8 (decimal 248)
   defining Unicode char U+00F9 (decimal 249)
   defining Unicode char U+00FA (decimal 250)
   defining Unicode char U+00FB (decimal 251)
   defining Unicode char U+00FC (decimal 252)
   defining Unicode char U+00FD (decimal 253)
   defining Unicode char U+00FE (decimal 254)
   defining Unicode char U+00FF (decimal 255)
   defining Unicode char U+0100 (decimal 256)
   defining Unicode char U+0101 (decimal 257)
   defining Unicode char U+0102 (decimal 258)
   defining Unicode char U+0103 (decimal 259)
   defining Unicode char U+0104 (decimal 260)
   defining Unicode char U+0105 (decimal 261)
   defining Unicode char U+0106 (decimal 262)
   defining Unicode char U+0107 (decimal 263)
   defining Unicode char U+0108 (decimal 264)
   defining Unicode char U+0109 (decimal 265)
   defining Unicode char U+010A (decimal 266)
   defining Unicode char U+010B (decimal 267)
   defining Unicode char U+010C (decimal 268)
   defining Unicode char U+010D (decimal 269)
   defining Unicode char U+010E (decimal 270)
   defining Unicode char U+010F (decimal 271)
   defining Unicode char U+0110 (decimal 272)
   defining Unicode char U+0111 (decimal 273)
   defining Unicode char U+0112 (decimal 274)
   defining Unicode char U+0113 (decimal 275)
   defining Unicode char U+0114 (decimal 276)
   defining Unicode char U+0115 (decimal 277)
   defining Unicode char U+0116 (decimal 278)
   defining Unicode char U+0117 (decimal 279)
   defining Unicode char U+0118 (decimal 280)
   defining Unicode char U+0119 (decimal 281)
   defining Unicode char U+011A (decimal 282)
   defining Unicode char U+011B (decimal 283)
   defining Unicode char U+011C (decimal 284)
   defining Unicode char U+011D (decimal 285)
   defining Unicode char U+011E (decimal 286)
   defining Unicode char U+011F (decimal 287)
   defining Unicode char U+0120 (decimal 288)
   defining Unicode char U+0121 (decimal 289)
   defining Unicode char U+0122 (decimal 290)
   defining Unicode char U+0123 (decimal 291)
   defining Unicode char U+0124 (decimal 292)
   defining Unicode char U+0125 (decimal 293)
   defining Unicode char U+0128 (decimal 296)
   defining Unicode char U+0129 (decimal 297)
   defining Unicode char U+012A (decimal 298)
   defining Unicode char U+012B (decimal 299)
   defining Unicode char U+012C (decimal 300)
   defining Unicode char U+012D (decimal 301)
   defining Unicode char U+012E (decimal 302)
   defining Unicode char U+012F (decimal 303)
   defining Unicode char U+0130 (decimal 304)
   defining Unicode char U+0131 (decimal 305)
   defining Unicode char U+0132 (decimal 306)
   defining Unicode char U+0133 (decimal 307)
   defining Unicode char U+0134 (decimal 308)
   defining Unicode char U+0135 (decimal 309)
   defining Unicode char U+0136 (decimal 310)
   defining Unicode char U+0137 (decimal 311)
   defining Unicode char U+0139 (decimal 313)
   defining Unicode char U+013A (decimal 314)
   defining Unicode char U+013B (decimal 315)
   defining Unicode char U+013C (decimal 316)
   defining Unicode char U+013D (decimal 317)
   defining Unicode char U+013E (decimal 318)
   defining Unicode char U+0141 (decimal 321)
   defining Unicode char U+0142 (decimal 322)
   defining Unicode char U+0143 (decimal 323)
   defining Unicode char U+0144 (decimal 324)
   defining Unicode char U+0145 (decimal 325)
   defining Unicode char U+0146 (decimal 326)
   defining Unicode char U+0147 (decimal 327)
   defining Unicode char U+0148 (decimal 328)
   defining Unicode char U+014A (decimal 330)
   defining Unicode char U+014B (decimal 331)
   defining Unicode char U+014C (decimal 332)
   defining Unicode char U+014D (decimal 333)
   defining Unicode char U+014E (decimal 334)
   defining Unicode char U+014F (decimal 335)
   defining Unicode char U+0150 (decimal 336)
   defining Unicode char U+0151 (decimal 337)
   defining Unicode char U+0152 (decimal 338)
   defining Unicode char U+0153 (decimal 339)
   defining Unicode char U+0154 (decimal 340)
   defining Unicode char U+0155 (decimal 341)
   defining Unicode char U+0156 (decimal 342)
   defining Unicode char U+0157 (decimal 343)
   defining Unicode char U+0158 (decimal 344)
   defining Unicode char U+0159 (decimal 345)
   defining Unicode char U+015A (decimal 346)
   defining Unicode char U+015B (decimal 347)
   defining Unicode char U+015C (decimal 348)
   defining Unicode char U+015D (decimal 349)
   defining Unicode char U+015E (decimal 350)
   defining Unicode char U+015F (decimal 351)
   defining Unicode char U+0160 (decimal 352)
   defining Unicode char U+0161 (decimal 353)
   defining Unicode char U+0162 (decimal 354)
   defining Unicode char U+0163 (decimal 355)
   defining Unicode char U+0164 (decimal 356)
   defining Unicode char U+0165 (decimal 357)
   defining Unicode char U+0168 (decimal 360)
   defining Unicode char U+0169 (decimal 361)
   defining Unicode char U+016A (decimal 362)
   defining Unicode char U+016B (decimal 363)
   defining Unicode char U+016C (decimal 364)
   defining Unicode char U+016D (decimal 365)
   defining Unicode char U+016E (decimal 366)
   defining Unicode char U+016F (decimal 367)
   defining Unicode char U+0170 (decimal 368)
   defining Unicode char U+0171 (decimal 369)
   defining Unicode char U+0172 (decimal 370)
   defining Unicode char U+0173 (decimal 371)
   defining Unicode char U+0174 (decimal 372)
   defining Unicode char U+0175 (decimal 373)
   defining Unicode char U+0176 (decimal 374)
   defining Unicode char U+0177 (decimal 375)
   defining Unicode char U+0178 (decimal 376)
   defining Unicode char U+0179 (decimal 377)
   defining Unicode char U+017A (decimal 378)
   defining Unicode char U+017B (decimal 379)
   defining Unicode char U+017C (decimal 380)
   defining Unicode char U+017D (decimal 381)
   defining Unicode char U+017E (decimal 382)
   defining Unicode char U+01CD (decimal 461)
   defining Unicode char U+01CE (decimal 462)
   defining Unicode char U+01CF (decimal 463)
   defining Unicode char U+01D0 (decimal 464)
   defining Unicode char U+01D1 (decimal 465)
   defining Unicode char U+01D2 (decimal 466)
   defining Unicode char U+01D3 (decimal 467)
   defining Unicode char U+01D4 (decimal 468)
   defining Unicode char U+01E2 (decimal 482)
   defining Unicode char U+01E3 (decimal 483)
   defining Unicode char U+01E6 (decimal 486)
   defining Unicode char U+01E7 (decimal 487)
   defining Unicode char U+01E8 (decimal 488)
   defining Unicode char U+01E9 (decimal 489)
   defining Unicode char U+01EA (decimal 490)
   defining Unicode char U+01EB (decimal 491)
   defining Unicode char U+01F0 (decimal 496)
   defining Unicode char U+01F4 (decimal 500)
   defining Unicode char U+01F5 (decimal 501)
   defining Unicode char U+0218 (decimal 536)
   defining Unicode char U+0219 (decimal 537)
   defining Unicode char U+021A (decimal 538)
   defining Unicode char U+021B (decimal 539)
   defining Unicode char U+01E02 (decimal 7682)
   defining Unicode char U+01E03 (decimal 7683)
   defining Unicode char U+200C (decimal 8204)
   defining Unicode char U+2013 (decimal 8211)
   defining Unicode char U+2014 (decimal 8212)
   defining Unicode char U+2018 (decimal 8216)
   defining Unicode char U+2019 (decimal 8217)
   defining Unicode char U+201A (decimal 8218)
   defining Unicode char U+201C (decimal 8220)
   defining Unicode char U+201D (decimal 8221)
   defining Unicode char U+201E (decimal 8222)
   defining Unicode char U+2030 (decimal 8240)
   defining Unicode char U+2031 (decimal 8241)
   defining Unicode char U+2039 (decimal 8249)
   defining Unicode char U+203A (decimal 8250)
   defining Unicode char U+2423 (decimal 9251)
)
Now handling font encoding OT1 ...
... processing UTF-8 mapping file for font encoding OT1

(/usr/share/texlive/texmf-dist/tex/latex/base/ot1enc.dfu
File: ot1enc.dfu 2015/12/03 v1.1r UTF-8 support for inputenc
   defining Unicode char U+00A0 (decimal 160)
   defining Unicode char U+00A1 (decimal 161)
   defining Unicode char U+00A3 (decimal 163)
   defining Unicode char U+00AD (decimal 173)
   defining Unicode char U+00B8 (decimal 184)
   defining Unicode char U+00BF (decimal 191)
   defining Unicode char U+00C5 (decimal 197)
   defining Unicode char U+00C6 (decimal 198)
   defining Unicode char U+00D8 (decimal 216)
   defining Unicode char U+00DF (decimal 223)
   defining Unicode char U+00E6 (decimal 230)
   defining Unicode char U+00EC (decimal 236)
   defining Unicode char U+00ED (decimal 237)
   defining Unicode char U+00EE (decimal 238)
   defining Unicode char U+00EF (decimal 239)
   defining Unicode char U+00F8 (decimal 248)
   defining Unicode char U+0131 (decimal 305)
   defining Unicode char U+0141 (decimal 321)
   defining Unicode char U+0142 (decimal 322)
   defining Unicode char U+0152 (decimal 338)
   defining Unicode char U+0153 (decimal 339)
   defining Unicode char U+0174 (decimal 372)
   defining Unicode char U+0175 (decimal 373)
   defining Unicode char U+0176 (decimal 374)
   defining Unicode char U+0177 (decimal 375)
   defining Unicode char U+0218 (decimal 536)
   defining Unicode char U+0219 (decimal 537)
   defining Unicode char U+021A (decimal 538)
   defining Unicode char U+021B (decimal 539)
   defining Unicode char U+2013 (decimal 8211)
   defining Unicode char U+2014 (decimal 8212)
   defining Unicode char U+2018 (decimal 8216)
   defining Unicode char U+2019 (decimal 8217)
   defining Unicode char U+201C (decimal 8220)
   defining Unicode char U+201D (decimal 8221)
)
Now handling font encoding OMS ...
... processing UTF-8 mapping file for font encoding OMS

(/usr/share/texlive/texmf-dist/tex/latex/base/omsenc.dfu
File: omsenc.dfu 2015/12/03 v1.1r UTF-8 support for inputenc
   defining Unicode char U+00A7 (decimal 167)
   defining Unicode char U+00B6 (decimal 182)
   defining Unicode char U+00B7 (decimal 183)
   defining Unicode char U+2020 (decimal 8224)
   defining Unicode char U+2021 (decimal 8225)
   defining Unicode char U+2022 (decimal 8226)
)
Now handling font encoding OMX ...
... no UTF-8 mapping file for font encoding OMX
Now handling font encoding U ...
... no UTF-8 mapping file for font encoding U
   defining Unicode char U+00A9 (decimal 169)
   defining Unicode char U+00AA (decimal 170)
   defining Unicode char U+00AE (decimal 174)
   defining Unicode char U+00BA (decimal 186)
   defining Unicode char U+02C6 (decimal 710)
   defining Unicode char U+02DC (decimal 732)
   defining Unicode char U+200C (decimal 8204)
   defining Unicode char U+2026 (decimal 8230)
   defining Unicode char U+2122 (decimal 8482)
   defining Unicode char U+2423 (decimal 9251)
))
(/usr/share/texlive/texmf-dist/tex/latex/graphics/graphicx.sty
Package: graphicx 2014/10/28 v1.0g Enhanced LaTeX Graphics (DPC,SPQR)

(/usr/share/texlive/texmf-dist/tex/latex/graphics/keyval.sty
Package: keyval 2014/10/28 v1.15 key=value parser (DPC)
\KV@toks@=\toks16
)
(/usr/share/texlive/texmf-dist/tex/latex/graphics/graphics.sty
Package: graphics 2016/01/03 v1.0q Standard LaTeX Graphics (DPC,SPQR)

(/usr/share/texlive/texmf-dist/tex/latex/graphics/trig.sty
Package: trig 2016/01/03 v1.10 sin cos tan (DPC)
)
(/usr/share/texlive/texmf-dist/tex/latex/latexconfig/graphics.cfg
File: graphics.cfg 2010/04/23 v1.9 graphics configuration of TeX Live
)
Package graphics Info: Driver file: pdftex.def on input line 95.

(/usr/share/texlive/texmf-dist/tex/latex/pdftex-def/pdftex.def
File: pdftex.def 2011/05/27 v0.06d Graphics/color for pdfTeX

(/usr/share/texlive/texmf-dist/tex/generic/oberdiek/infwarerr.sty
Package: infwarerr 2010/04/08 v1.3 Providing info/warning/error messages (HO)
)
(/usr/share/texlive/texmf-dist/tex/generic/oberdiek/ltxcmds.sty
Package: ltxcmds 2011/11/09 v1.22 LaTeX kernel commands for general use (HO)
)
\Gread@gobject=\count88
))
\Gin@req@height=\dimen103
\Gin@req@width=\dimen104
)
(/usr/share/texlive/texmf-dist/tex/latex/caption/subcaption.sty
Package: subcaption 2016/02/20 v1.1-142 Sub-captions (AR)

(/usr/share/texlive/texmf-dist/tex/latex/caption/caption.sty
Package: caption 2016/02/21 v3.3-144 Customizing captions (AR)

(/usr/share/texlive/texmf-dist/tex/latex/caption/caption3.sty
Package: caption3 2016/02/04 v1.7-139 caption3 kernel (AR)
Package caption3 Info: TeX engine: e-TeX on input line 67.
\captionmargin=\dimen105
\captionmargin@=\dimen106
\captionwidth=\dimen107
\caption@tempdima=\dimen108
\caption@indent=\dimen109
\caption@parindent=\dimen110
\caption@hangindent=\dimen111
)
\c@ContinuedFloat=\count89
)
\c@subfigure=\count90
\c@subtable=\count91
)
(/usr/share/texlive/texmf-dist/tex/latex/wrapfig/wrapfig.sty
\wrapoverhang=\dimen112
\WF@size=\dimen113
\c@WF@wrappedlines=\count92
\WF@box=\box26
\WF@everypar=\toks17
Package: wrapfig 2003/01/31  v 3.6
)
(./Rapport_removing_cam_shake.aux

LaTeX Warning: Label `fig:Bestflou' multiply defined.


LaTeX Warning: Label `sub@fig:Bestflou' multiply defined.

)
\openout1 = `Rapport_removing_cam_shake.aux'.

LaTeX Font Info:    Checking defaults for OML/cmm/m/it on input line 16.
LaTeX Font Info:    ... okay on input line 16.
LaTeX Font Info:    Checking defaults for T1/cmr/m/n on input line 16.
LaTeX Font Info:    ... okay on input line 16.
LaTeX Font Info:    Checking defaults for OT1/cmr/m/n on input line 16.
LaTeX Font Info:    ... okay on input line 16.
LaTeX Font Info:    Checking defaults for OMS/cmsy/m/n on input line 16.
LaTeX Font Info:    ... okay on input line 16.
LaTeX Font Info:    Checking defaults for OMX/cmex/m/n on input line 16.
LaTeX Font Info:    ... okay on input line 16.
LaTeX Font Info:    Checking defaults for U/cmr/m/n on input line 16.
LaTeX Font Info:    ... okay on input line 16.
 (/usr/share/texlive/texmf-dist/tex/context/base/supp-pdf.mkii
[Loading MPS to PDF converter (version 2006.09.02).]
\scratchcounter=\count93
\scratchdimen=\dimen114
\scratchbox=\box27
\nofMPsegments=\count94
\nofMParguments=\count95
\everyMPshowfont=\toks18
\MPscratchCnt=\count96
\MPscratchDim=\dimen115
\MPnumerator=\count97
\makeMPintoPDFobject=\count98
\everyMPtoPDFconversion=\toks19
) (/usr/share/texlive/texmf-dist/tex/generic/oberdiek/pdftexcmds.sty
Package: pdftexcmds 2011/11/29 v0.20 Utility functions of pdfTeX for LuaTeX (HO
)

(/usr/share/texlive/texmf-dist/tex/generic/oberdiek/ifluatex.sty
Package: ifluatex 2010/03/01 v1.3 Provides the ifluatex switch (HO)
Package ifluatex Info: LuaTeX not detected.
)
(/usr/share/texlive/texmf-dist/tex/generic/oberdiek/ifpdf.sty
Package: ifpdf 2011/01/30 v2.3 Provides the ifpdf switch (HO)
Package ifpdf Info: pdfTeX in PDF mode is detected.
)
Package pdftexcmds Info: LuaTeX not detected.
Package pdftexcmds Info: \pdf@primitive is available.
Package pdftexcmds Info: \pdf@ifprimitive is available.
Package pdftexcmds Info: \pdfdraftmode found.
)
(/usr/share/texlive/texmf-dist/tex/latex/oberdiek/epstopdf-base.sty
Package: epstopdf-base 2010/02/09 v2.5 Base part for package epstopdf

(/usr/share/texlive/texmf-dist/tex/latex/oberdiek/grfext.sty
Package: grfext 2010/08/19 v1.1 Manage graphics extensions (HO)

(/usr/share/texlive/texmf-dist/tex/generic/oberdiek/kvdefinekeys.sty
Package: kvdefinekeys 2011/04/07 v1.3 Define keys (HO)
))
(/usr/share/texlive/texmf-dist/tex/latex/oberdiek/kvoptions.sty
Package: kvoptions 2011/06/30 v3.11 Key value format for package options (HO)

(/usr/share/texlive/texmf-dist/tex/generic/oberdiek/kvsetkeys.sty
Package: kvsetkeys 2012/04/25 v1.16 Key value parser (HO)

(/usr/share/texlive/texmf-dist/tex/generic/oberdiek/etexcmds.sty
Package: etexcmds 2011/02/16 v1.5 Avoid name clashes with e-TeX commands (HO)
Package etexcmds Info: Could not find \expanded.
(etexcmds)             That can mean that you are not using pdfTeX 1.50 or
(etexcmds)             that some package has redefined \expanded.
(etexcmds)             In the latter case, load this package earlier.
)))
Package grfext Info: Graphics extension search list:
(grfext)             [.png,.pdf,.jpg,.mps,.jpeg,.jbig2,.jb2,.PNG,.PDF,.JPG,.JPE
G,.JBIG2,.JB2,.eps]
(grfext)             \AppendGraphicsExtensions on input line 452.

(/usr/share/texlive/texmf-dist/tex/latex/latexconfig/epstopdf-sys.cfg
File: epstopdf-sys.cfg 2010/07/13 v1.3 Configuration of (r)epstopdf for TeX Liv
e
))
Package caption Info: Begin \AtBeginDocument code.
Package caption Info: wrapfig package is loaded.
Package caption Info: End \AtBeginDocument code.
LaTeX Font Info:    External font `cmex10' loaded for size
(Font)              <12> on input line 17.
LaTeX Font Info:    External font `cmex10' loaded for size
(Font)              <8> on input line 17.
LaTeX Font Info:    External font `cmex10' loaded for size
(Font)              <6> on input line 17.

[1

{/var/lib/texmf/fonts/map/pdftex/updmap/pdftex.map}]
Overfull \hbox (12.20897pt too wide) in paragraph at lines 26--28
\OT1/cmr/m/n/10 Weighted Fourier Burst Ac-cu-mu-la-tion pro-pos^^Se par Mauri-c
io Del-bra-cio et Guillermo
 []


Underfull \hbox (badness 10000) in paragraph at lines 26--28

 []

LaTeX Font Info:    External font `cmex10' loaded for size
(Font)              <7> on input line 47.
LaTeX Font Info:    External font `cmex10' loaded for size
(Font)              <5> on input line 47.

Underfull \hbox (badness 10000) in paragraph at lines 69--74

 []

[1] <ressource/detail_flou1.png, id=19, 637.38126pt x 475.7775pt>
File: ressource/detail_flou1.png Graphic file (type png)

<use ressource/detail_flou1.png>
Package pdftex.def Info: ressource/detail_flou1.png used on input line 87.
(pdftex.def)             Requested size: 74.5212pt x 55.62436pt.

<ressource/detail_flou2.png, id=20, 640.3925pt x 478.78876pt>
File: ressource/detail_flou2.png Graphic file (type png)

<use ressource/detail_flou2.png>
Package pdftex.def Info: ressource/detail_flou2.png used on input line 92.
(pdftex.def)             Requested size: 74.5212pt x 55.71341pt.

<ressource/detail_flou3.png, id=21, 640.3925pt x 476.78125pt>
File: ressource/detail_flou3.png Graphic file (type png)

<use ressource/detail_flou3.png>
Package pdftex.def Info: ressource/detail_flou3.png used on input line 97.
(pdftex.def)             Requested size: 74.5212pt x 55.4798pt.

<ressource/detail_flou4.png, id=22, 639.38875pt x 479.7925pt>
File: ressource/detail_flou4.png Graphic file (type png)

<use ressource/detail_flou4.png>
Package pdftex.def Info: ressource/detail_flou4.png used on input line 102.
(pdftex.def)             Requested size: 74.5212pt x 55.91805pt.

<ressource/detail_orig.png, id=23, 634.37pt x 478.78876pt>
File: ressource/detail_orig.png Graphic file (type png)

<use ressource/detail_orig.png>
Package pdftex.def Info: ressource/detail_orig.png used on input line 107.
(pdftex.def)             Requested size: 99.36159pt x 74.98589pt.

<ressource/detail_result.png, id=24, 641.39626pt x 479.7925pt>
File: ressource/detail_result.png Graphic file (type png)

<use ressource/detail_result.png>
Package pdftex.def Info: ressource/detail_result.png used on input line 112.
(pdftex.def)             Requested size: 99.36159pt x 74.32314pt.
File: ressource/detail_flou1.png Graphic file (type png)
 <use ressource/detail_flou1.png>
Package pdftex.def Info: ressource/detail_flou1.png used on input line 117.
(pdftex.def)             Requested size: 99.36159pt x 74.1658pt.

<ressource/detail_anthro1.png, id=25, 970.62625pt x 706.64pt>
File: ressource/detail_anthro1.png Graphic file (type png)

<use ressource/detail_anthro1.png>
Package pdftex.def Info: ressource/detail_anthro1.png used on input line 139.
(pdftex.def)             Requested size: 99.36159pt x 72.32863pt.

<ressource/detail_anthro3.png, id=26, 971.63pt x 710.655pt>
File: ressource/detail_anthro3.png Graphic file (type png)

<use ressource/detail_anthro3.png>
Package pdftex.def Info: ressource/detail_anthro3.png used on input line 143.
(pdftex.def)             Requested size: 99.36159pt x 72.66368pt.

<ressource/detail_anthro_res.png, id=27, 972.63374pt x 709.65125pt>
File: ressource/detail_anthro_res.png Graphic file (type png)

<use ressource/detail_anthro_res.png>
Package pdftex.def Info: ressource/detail_anthro_res.png used on input line 147
.
(pdftex.def)             Requested size: 99.36159pt x 72.49608pt.

<ressource/detail_fire1.png, id=28, 968.61874pt x 711.65875pt>
File: ressource/detail_fire1.png Graphic file (type png)

<use ressource/detail_fire1.png>
Package pdftex.def Info: ressource/detail_fire1.png used on input line 151.
(pdftex.def)             Requested size: 99.36159pt x 72.99435pt.

<ressource/detail_fire3.png, id=29, 970.62625pt x 717.68124pt>
File: ressource/detail_fire3.png Graphic file (type png)

<use ressource/detail_fire3.png>
Package pdftex.def Info: ressource/detail_fire3.png used on input line 156.
(pdftex.def)             Requested size: 99.36159pt x 73.45877pt.

<ressource/detail_fire_res.png, id=30, 969.6225pt x 711.65875pt>
File: ressource/detail_fire_res.png Graphic file (type png)

<use ressource/detail_fire_res.png>
Package pdftex.def Info: ressource/detail_fire_res.png used on input line 161.
(pdftex.def)             Requested size: 99.36159pt x 72.91833pt.


LaTeX Warning: `h' float specifier changed to `ht'.

[2 <./ressource/detail_flou1.png> <./ressource/detail_flou2.png> <./ressource/d
etail_flou3.png> <./ressource/detail_flou4.png> <./ressource/detail_orig.png> <
./ressource/detail_result.png>]
<ressource/flouresultat_p1.png, id=35, 652.4375pt x 489.83pt>
File: ressource/flouresultat_p1.png Graphic file (type png)

<use ressource/flouresultat_p1.png>
Package pdftex.def Info: ressource/flouresultat_p1.png used on input line 184.
(pdftex.def)             Requested size: 109.2991pt x 82.05917pt.
LaTeX Font Info:    External font `cmex10' loaded for size
(Font)              <9> on input line 185.

<ressource/flouresultat_p6.png, id=36, 652.4375pt x 489.83pt>
File: ressource/flouresultat_p6.png Graphic file (type png)

<use ressource/flouresultat_p6.png>
Package pdftex.def Info: ressource/flouresultat_p6.png used on input line 189.
(pdftex.def)             Requested size: 109.2991pt x 82.05917pt.

<ressource/flouresultat_p12.png, id=37, 652.4375pt x 489.83pt>
File: ressource/flouresultat_p12.png Graphic file (type png)

<use ressource/flouresultat_p12.png>
Package pdftex.def Info: ressource/flouresultat_p12.png used on input line 194.

(pdftex.def)             Requested size: 109.2991pt x 82.05917pt.

<ressource/diffp1stretch.png, id=38, 652.4375pt x 489.83pt>
File: ressource/diffp1stretch.png Graphic file (type png)

<use ressource/diffp1stretch.png>
Package pdftex.def Info: ressource/diffp1stretch.png used on input line 199.
(pdftex.def)             Requested size: 109.2991pt x 82.05917pt.

<ressource/diffp6stretch.png, id=39, 652.4375pt x 489.83pt>
File: ressource/diffp6stretch.png Graphic file (type png)

<use ressource/diffp6stretch.png>
Package pdftex.def Info: ressource/diffp6stretch.png used on input line 204.
(pdftex.def)             Requested size: 109.2991pt x 82.05917pt.

<ressource/diffp12stretch.png, id=40, 652.4375pt x 489.83pt>
File: ressource/diffp12stretch.png Graphic file (type png)

<use ressource/diffp12stretch.png>
Package pdftex.def Info: ressource/diffp12stretch.png used on input line 209.
(pdftex.def)             Requested size: 109.2991pt x 82.05917pt.

<ressource/arc_result_1000iter.png, id=41, 652.4375pt x 489.83pt>
File: ressource/arc_result_1000iter.png Graphic file (type png)

<use ressource/arc_result_1000iter.png>
Package pdftex.def Info: ressource/arc_result_1000iter.png used on input line 2
32.
(pdftex.def)             Requested size: 170.77594pt x 128.21233pt.

<ressource/arc_result_2000iter.png, id=42, 652.4375pt x 489.83pt>
File: ressource/arc_result_2000iter.png Graphic file (type png)

<use ressource/arc_result_2000iter.png>
Package pdftex.def Info: ressource/arc_result_2000iter.png used on input line 2
37.
(pdftex.def)             Requested size: 170.77594pt x 128.21233pt.

<ressource/detail_1000iter.png, id=43, 634.37pt x 474.77374pt>
File: ressource/detail_1000iter.png Graphic file (type png)

<use ressource/detail_1000iter.png>
Package pdftex.def Info: ressource/detail_1000iter.png used on input line 242.
(pdftex.def)             Requested size: 170.77594pt x 127.80666pt.

<ressource/detail_2000iter.png, id=44, 636.3775pt x 475.7775pt>
File: ressource/detail_2000iter.png Graphic file (type png)

<use ressource/detail_2000iter.png>
Package pdftex.def Info: ressource/detail_2000iter.png used on input line 247.
(pdftex.def)             Requested size: 170.77594pt x 127.67758pt.

Overfull \hbox (2.22221pt too wide) in paragraph at lines 231--251
[]$[]$ $[]$
 []


Overfull \hbox (2.22221pt too wide) in paragraph at lines 231--251
[]$ $[]$ 
 []


LaTeX Warning: `h' float specifier changed to `ht'.

[3 <./ressource/detail_anthro1.png> <./ressource/detail_anthro3.png> <./ressour
ce/detail_anthro_res.png> <./ressource/detail_fire1.png> <./ressource/detail_fi
re3.png> <./ressource/detail_fire_res.png> <./ressource/flouresultat_p1.png (PN
G copy)> <./ressource/flouresultat_p6.png (PNG copy)> <./ressource/flouresultat
_p12.png (PNG copy)> <./ressource/diffp1stretch.png (PNG copy)> <./ressource/di
ffp6stretch.png (PNG copy)> <./ressource/diffp12stretch.png (PNG copy)>]
<ressource/keyboardresultat.jpg, id=52, 3276.24pt x 2457.18pt>
File: ressource/keyboardresultat.jpg Graphic file (type jpg)

<use ressource/keyboardresultat.jpg>
Package pdftex.def Info: ressource/keyboardresultat.jpg used on input line 276.

(pdftex.def)             Requested size: 172.5pt x 129.35257pt.


LaTeX Warning: `h' float specifier changed to `ht'.

[4 <./ressource/arc_result_1000iter.png (PNG copy)> <./ressource/arc_result_200
0iter.png (PNG copy)> <./ressource/detail_1000iter.png> <./ressource/detail_200
0iter.png>] <ressource/flou_rot_10kit.jpg, id=56, 3276.24pt x 2457.18pt>
File: ressource/flou_rot_10kit.jpg Graphic file (type jpg)

<use ressource/flou_rot_10kit.jpg>
Package pdftex.def Info: ressource/flou_rot_10kit.jpg used on input line 305.
(pdftex.def)             Requested size: 99.36159pt x 74.49957pt.

<ressource/flou_rot_centre.png, id=57, 953.5625pt x 709.65125pt>
File: ressource/flou_rot_centre.png Graphic file (type png)

<use ressource/flou_rot_centre.png>
Package pdftex.def Info: ressource/flou_rot_centre.png used on input line 310.
(pdftex.def)             Requested size: 99.36159pt x 73.93625pt.

<ressource/flou_rot_bottom.png, id=58, 947.54pt x 708.6475pt>
File: ressource/flou_rot_bottom.png Graphic file (type png)

<use ressource/flou_rot_bottom.png>
Package pdftex.def Info: ressource/flou_rot_bottom.png used on input line 315.
(pdftex.def)             Requested size: 99.36159pt x 74.30745pt.
 [5 <./ressource/keyboardresultat.jpg> <./ressource/flou_rot_10kit.jpg> <./ress
ource/flou_rot_centre.png> <./ressource/flou_rot_bottom.png>] (./Rapport_removi
ng_cam_shake.aux)

LaTeX Warning: There were multiply-defined labels.

 ) 
Here is how much of TeX's memory you used:
 3184 strings out of 494953
 49773 string characters out of 6180977
 106310 words of memory out of 5000000
 6420 multiletter control sequences out of 15000+600000
 8807 words of font info for 31 fonts, out of 8000000 for 9000
 14 hyphenation exceptions out of 8191
 42i,7n,40p,290b,464s stack positions out of 5000i,500n,10000p,200000b,80000s
</usr/share/texlive/texmf-dist/fonts/type1/public/amsfonts/cm/cmbx12.pfb></us
r/share/texlive/texmf-dist/fonts/type1/public/amsfonts/cm/cmex10.pfb></usr/shar
e/texlive/texmf-dist/fonts/type1/public/amsfonts/cm/cmmi10.pfb></usr/share/texl
ive/texmf-dist/fonts/type1/public/amsfonts/cm/cmmi6.pfb></usr/share/texlive/tex
mf-dist/fonts/type1/public/amsfonts/cm/cmmi7.pfb></usr/share/texlive/texmf-dist
/fonts/type1/public/amsfonts/cm/cmmi9.pfb></usr/share/texlive/texmf-dist/fonts/
type1/public/amsfonts/cm/cmr10.pfb></usr/share/texlive/texmf-dist/fonts/type1/p
ublic/amsfonts/cm/cmr12.pfb></usr/share/texlive/texmf-dist/fonts/type1/public/a
msfonts/cm/cmr17.pfb></usr/share/texlive/texmf-dist/fonts/type1/public/amsfonts
/cm/cmr6.pfb></usr/share/texlive/texmf-dist/fonts/type1/public/amsfonts/cm/cmr7
.pfb></usr/share/texlive/texmf-dist/fonts/type1/public/amsfonts/cm/cmr9.pfb></u
sr/share/texlive/texmf-dist/fonts/type1/public/amsfonts/cm/cmsy10.pfb></usr/sha
re/texlive/texmf-dist/fonts/type1/public/amsfonts/cm/cmsy7.pfb></usr/share/texl
ive/texmf-dist/fonts/type1/public/amsfonts/cm/cmsy9.pfb>
Output written on Rapport_removing_cam_shake.pdf (6 pages, 10011711 bytes).
PDF statistics:
 109 PDF objects out of 1000 (max. 8388607)
 59 compressed objects within 1 object stream
 0 named destinations out of 1000 (max. 500000)
 131 words of extra memory for PDF output out of 10000 (max. 10000000)

